Array
(
    [producto_id] => 2
    [cantidad] => 12
)
Array
(
    [producto_id] => 2
    [cantidad] => 3
)
Array
(
    [producto_id] => 2
    [cantidad] => 66
)
Array
(
    [producto_id] => 2
    [cantidad] => 66
)
Array
(
    [producto_id] => alimento para perro
    [cantidad] => 2
)
Array
(
    [producto_id] => alimento para perro
    [cantidad] => 2
)
Array
(
    [producto_id] => alimento para perro
    [cantidad] => 66
)
Array
(
    [nombreProducto] => alimento para perro
    [cantidad] => 33
)
Array
(
    [nombreProducto] => alimento gato premium
    [cantidad] => 12
)
Array
(
    [nombreProducto] => alimento para perro
    [cantidad] => 23
    [Cliente_ID] => 1
)
Array
(
    [nombreProducto] => alimento para perro
    [cantidad] => 22
    [Cliente_ID] => 2
)
